proguard/seeds.txt
com.ojas.fragmentsample.AppHost
com.ojas.fragmentsample.AppHost: AppHost()
com.ojas.fragmentsample.FragmentDemo
com.ojas.fragmentsample.FragmentDemo: FragmentDemo()
com.ojas.fragmentsample.FragmentDemo: void onClick(android.view.View)
com.ojas.fragmentsample.FragmentSample
com.ojas.fragmentsample.R$dimen: int activity_horizontal_margin
com.ojas.fragmentsample.R$dimen: int activity_vertical_margin
com.ojas.fragmentsample.R$drawable: int ic_launcher
com.ojas.fragmentsample.R$drawable: int slide_in_left
com.ojas.fragmentsample.R$drawable: int slide_in_right
com.ojas.fragmentsample.R$drawable: int slide_out_left
com.ojas.fragmentsample.R$drawable: int slide_out_right
com.ojas.fragmentsample.R$id: int action_settings
com.ojas.fragmentsample.R$id: int firstName
com.ojas.fragmentsample.R$id: int fragmentThreeButton
com.ojas.fragmentsample.R$id: int lastName
com.ojas.fragmentsample.R$id: int new_fragment
com.ojas.fragmentsample.R$id: int nextFragment
com.ojas.fragmentsample.R$id: int nextbutton
com.ojas.fragmentsample.R$id: int pop_all_fragments
com.ojas.fragmentsample.R$id: int pop_fragment
com.ojas.fragmentsample.R$id: int pop_upto_fragment
com.ojas.fragmentsample.R$id: int sample_fragment
com.ojas.fragmentsample.R$id: int text
com.ojas.fragmentsample.R$layout: int fragment_one
com.ojas.fragmentsample.R$layout: int fragment_sample_layout
com.ojas.fragmentsample.R$layout: int fragment_three
com.ojas.fragmentsample.R$layout: int fragment_two
com.ojas.fragmentsample.R$menu: int fragment_sample
com.ojas.fragmentsample.R$string: int action_settings
com.ojas.fragmentsample.R$string: int app_name
com.ojas.fragmentsample.R$string: int hello_world
com.ojas.fragmentsample.R$style: int AppBaseTheme
com.ojas.fragmentsample.R$style: int AppTheme
...
android.support.v4.app.BackStackState
android.support.v4.app.BackStackState: android.os.Parcelable$Creator CREATOR
android.support.v4.app.Fragment$SavedState
android.support.v4.app.Fragment$SavedState: android.os.Parcelable$Creator CREATOR
android.support.v4.app.FragmentActivity
android.support.v4.app.FragmentActivity: FragmentActivity()
android.support.v4.app.FragmentManagerState
android.support.v4.app.FragmentManagerState: android.os.Parcelable$Creator CREATOR
android.support.v4.app.FragmentState
android.support.v4.app.FragmentState: android.os.Parcelable$Creator CREATOR
android.support.v4.app.FragmentTabHost: void setOnTabChangedListener(android.widget.TabHost$OnTabChangeListener)
android.support.v4.app.FragmentTabHost$SavedState
android.support.v4.app.FragmentTabHost$SavedState: android.os.Parcelable$Creator CREATOR
android.support.v4.content.FileProvider
android.support.v4.content.ModernAsyncTask$Status: android.support.v4.content.ModernAsyncTask$Status[] values()
android.support.v4.content.ModernAsyncTask$Status: android.support.v4.content.ModernAsyncTask$Status valueOf(java.lang.String)
android.support.v4.content.WakefulBroadcastReceiver
android.support.v4.view.PagerTabStrip: void setTabIndicatorColor(int)
android.support.v4.view.PagerTabStrip: void setTabIndicatorColorResource(int)
android.support.v4.view.PagerTabStrip: int getTabIndicatorColor()
android.support.v4.view.PagerTabStrip: void setTextSpacing(int)
android.support.v4.view.PagerTabStrip: void setBackgroundDrawable(android.graphics.drawable.Drawable)
android.support.v4.view.PagerTabStrip: void setBackgroundColor(int)
android.support.v4.view.PagerTabStrip: void setBackgroundResource(int)
android.support.v4.view.PagerTabStrip: void setDrawFullUnderline(boolean)
android.support.v4.view.PagerTabStrip: boolean getDrawFullUnderline()
android.support.v4.view.PagerTabStrip: int getMinHeight()
android.support.v4.view.PagerTitleStrip: void setSingleLineAllCaps(android.widget.TextView)
android.support.v4.view.PagerTitleStrip: void setTextSpacing(int)
android.support.v4.view.PagerTitleStrip: int getTextSpacing()
android.support.v4.view.PagerTitleStrip: void setNonPrimaryAlpha(float)
android.support.v4.view.PagerTitleStrip: void setTextColor(int)
android.support.v4.view.PagerTitleStrip: void setGravity(int)
android.support.v4.view.PagerTitleStrip: int getMinHeight()
android.support.v4.view.ViewPager: void setScrollState(int)
android.support.v4.view.ViewPager: void setAdapter(android.support.v4.view.PagerAdapter)
android.support.v4.view.ViewPager: android.support.v4.view.PagerAdapter getAdapter()
android.support.v4.view.ViewPager: void setOnAdapterChangeListener(android.support.v4.view.ViewPager$OnAdapterChangeListener)
android.support.v4.view.ViewPager: int getClientWidth()
android.support.v4.view.ViewPager: void setCurrentItem(int)
android.support.v4.view.ViewPager: int getCurrentItem()
android.support.v4.view.ViewPager: void setOnPageChangeListener(android.support.v4.view.ViewPager$OnPageChangeListener)
android.support.v4.view.ViewPager: void setChildrenDrawingOrderEnabledCompat(boolean)
android.support.v4.view.ViewPager: int getOffscreenPageLimit()
android.support.v4.view.ViewPager: void setOffscreenPageLimit(int)
android.support.v4.view.ViewPager: void setPageMargin(int)
android.support.v4.view.ViewPager: int getPageMargin()
android.support.v4.view.ViewPager: void setPageMarginDrawable(android.graphics.drawable.Drawable)
android.support.v4.view.ViewPager: void setPageMarginDrawable(int)
android.support.v4.view.ViewPager: void setScrollingCacheEnabled(boolean)
android.support.v4.view.ViewPager$SavedState
android.support.v4.view.ViewPager$SavedState: android.os.Parcelable$Creator CREATOR
android.support.v4.widget.DrawerLayout: void setScrimColor(int)
android.support.v4.widget.DrawerLayout: void setDrawerListener(android.support.v4.widget.DrawerLayout$DrawerListener)
android.support.v4.widget.DrawerLayout: void setDrawerLockMode(int)