proguard/usage.txt
com.ojas.fragmentsample.BuildConfig
com.ojas.fragmentsample.FragmentSample:
    67:81:public android.support.v4.app.Fragment addFragment(int,java.lang.String,java.lang.String)
    85:96:public void attachFragment(android.support.v4.app.Fragment)
    100:120:public void popFragmentFromStack()
    124:127:public void addFragToBackStack(android.support.v4.app.Fragment)
com.ojas.fragmentsample.R
com.ojas.fragmentsample.R$attr
com.ojas.fragmentsample.R$dimen
com.ojas.fragmentsample.R$drawable
com.ojas.fragmentsample.R$id
com.ojas.fragmentsample.R$layout
com.ojas.fragmentsample.R$menu
com.ojas.fragmentsample.R$string
com.ojas.fragmentsample.R$style
com.ojas.fragmentsample.helper.FragmentOperator:
    19:24:public android.support.v4.app.Fragment addFragment(int,java.lang.String,java.lang.String)
    28:31:public void attachFragment(android.support.v4.app.Fragment)
    34:50:public void popFragmentFromStack()
    54:57:public void addFragToBackStack(android.support.v4.app.Fragment)
com.ojas.fragmentsample.helper.FragmentsManager:
    108:108:public void popPerticularFragment()
com.ojas.fragmentsample.helper.NewFragmentOperator:
    53:61:public void popFragment()
    88:95:public void popAllFragments()
    120:140:public void popFragmentsUpto(java.lang.String)
com.ojas.fragmentsample.helper.TabManager
com.ojas.fragmentsample.helper.TabManager$1
com.ojas.fragmentsample.helper.TabManager$DummyTabFactory
com.ojas.fragmentsample.helper.TabManager$TabInfo
...
android.support.v4.view.MenuItemCompat$IcsMenuVersionImpl
android.support.v4.view.MenuItemCompat$IcsMenuVersionImpl$1
android.support.v4.view.MenuItemCompat$MenuVersionImpl
android.support.v4.view.MenuItemCompat$OnActionExpandListener
android.support.v4.view.MenuItemCompatHoneycomb
android.support.v4.view.MenuItemCompatIcs
android.support.v4.view.MenuItemCompatIcs$OnActionExpandListenerWrapper
android.support.v4.view.MenuItemCompatIcs$SupportActionExpandProxy
android.support.v4.view.MotionEventCompat:
    public static final int ACTION_MASK
    public static final int ACTION_POINTER_DOWN
    public static final int ACTION_POINTER_UP
    public static final int ACTION_HOVER_MOVE
    public static final int ACTION_SCROLL
    public static final int ACTION_POINTER_INDEX_MASK
    public static final int ACTION_POINTER_INDEX_SHIFT
    public static final int ACTION_HOVER_ENTER
    public static final int ACTION_HOVER_EXIT
    25:80:public MotionEventCompat()
android.support.v4.view.MotionEventCompatEclair:
    24:24:MotionEventCompatEclair()
android.support.v4.view.PagerAdapter:
    public static final int POSITION_UNCHANGED
    public static final int POSITION_NONE
    78:79:public PagerAdapter()
    276:277:public void notifyDataSetChanged()
    307:307:public java.lang.CharSequence getPageTitle(int)
android.support.v4.view.PagerTabStrip
android.support.v4.view.PagerTabStrip$1
android.support.v4.view.PagerTabStrip$2
android.support.v4.view.PagerTitleStrip
android.support.v4.view.PagerTitleStrip$1
android.support.v4.view.PagerTitleStrip$PageListener
android.support.v4.view.PagerTitleStrip$PagerTitleStripImpl
android.support.v4.view.PagerTitleStrip$PagerTitleStripImplBase
android.support.v4.view.PagerTitleStrip$PagerTitleStripImplIcs
android.support.v4.view.PagerTitleStripIcs
android.support.v4.view.PagerTitleStripIcs$SingleLineAllCapsTransform
android.support.v4.view.VelocityTrackerCompat:
    25:51:public VelocityTrackerCompat()
android.support.v4.view.VelocityTrackerCompatHoneycomb:
    24:24:VelocityTrackerCompatHoneycomb()
android.support.v4.view.ViewCompat:
    public static final int OVER_SCROLL_ALWAYS
    public static final int OVER_SCROLL_IF_CONTENT_SCROLLS
    public static final int OVER_SCROLL_NEVER
    private static final long FAKE_FRAME_TIME
    public static final int IMPORTANT_FOR_ACCESSIBILITY_AUTO
    public static final int IMPORTANT_FOR_ACCESSIBILITY_YES
    public static final int IMPORTANT_FOR_ACCESSIBILITY_NO
    public static final int LAYER_TYPE_NONE
    public static final int LAYER_TYPE_SOFTWARE
    public static final int LAYER_TYPE_HARDWARE
    public static final int LAYOUT_DIRECTION_LTR
    public static final int LAYOUT_DIRECTION_RTL
    public static final int LAYOUT_DIRECTION_INHERIT
    public static final int LAYOUT_DIRECTION_LOCALE
    34:397:public ViewCompat()
    462:462:public static boolean canScrollVertically(android.view.View,int)
    491:492:public static void setOverScrollMode(android.view.View,int)
    528:529:public static void onPopulateAccessibilityEvent(android.view.View,android.view.accessibility.AccessibilityEvent)
    561:562:public static void onInitializeAccessibilityEvent(android.view.View,android.view.accessibility.AccessibilityEvent)
    597:598:public static void onInitializeAccessibilityNodeInfo(android.view.View,android.support.v4.view.accessibility.AccessibilityNodeInfoCompat)
    612:613:public static void setAccessibilityDelegate(android.view.View,android.support.v4.view.AccessibilityDelegateCompat)